This is pdfTeX, Version 3.1415926-1.40.10 (TeX Live 2009/Debian) (format=pdfetex 2012.7.5)  10 SEP 2012 18:55
entering extended mode
 file:line:error style messages enabled.
 %&-line parsing enabled.
**\catcode126=12 \def\normaltilde{~}\catcode126=13 \let~\normaltilde  \input ./
QuAC.texinfo
(./QuAC.texinfo (/usr/share/texmf/tex/texinfo/texinfo.tex
Loading texinfo [version 2008-04-18.10]:
\bindingoffset=\dimen16
\normaloffset=\dimen17
\pagewidth=\dimen18
\pageheight=\dimen19
\outerhsize=\dimen20
\outervsize=\dimen21
\cornerlong=\dimen22
\cornerthick=\dimen23
\topandbottommargin=\dimen24
\headlinebox=\box16
\footlinebox=\box17
\margin=\insert252
\EMsimple=\toks13
\groupbox=\box18
\groupinvalidhelp=\toks14
\mil=\dimen25
\exdentamount=\skip18
\inmarginspacing=\skip19
 pdf,
\tempnum=\count27
\lnkcount=\count28
\filename=\toks15
\filenamelength=\count29
\pgn=\count30
\toksA=\toks16
\toksB=\toks17
\toksC=\toks18
\toksD=\toks19
\boxA=\box19
\countA=\count31
\nopdfimagehelp=\toks20
 fonts,
\sffam=\fam8
\textleading=\dimen26
\fontdepth=\count32
 page headings,
\titlepagetopglue=\skip20
\titlepagebottomglue=\skip21
\evenheadline=\toks21
\oddheadline=\toks22
\evenfootline=\toks23
\oddfootline=\toks24
 tables,
\tableindent=\dimen27
\itemindent=\dimen28
\itemmargin=\dimen29
\itemmax=\dimen30
\itemno=\count33
\multitableparskip=\skip22
\multitableparindent=\skip23
\multitablecolspace=\dimen31
\multitablelinespace=\skip24
\colcount=\count34
\everytab=\toks25

conditionals,
\doignorecount=\count35
 indexing,
\whatsitskip=\skip25
\whatsitpenalty=\count36
\secondaryindent=\skip26
\partialpage=\box20
\doublecolumnhsize=\dimen32
 sectioning,
\unnumberedno=\count37
\chapno=\count38
\secno=\count39
\subsecno=\count40
\subsubsecno=\count41
\appendixno=\count42
\absseclevel=\count43
\secbase=\count44
\chapheadingskip=\skip27
\secheadingskip=\skip28
\subsecheadingskip=\skip29
 toc,
\tocfile=\write0
\contentsrightmargin=\skip30
\savepageno=\count45
\lastnegativepageno=\count46
\tocindent=\dimen33
 environments,
\errorbox=\box21
\lispnarrowing=\skip31
\envskipamount=\skip32
\circthick=\dimen34
\cartouter=\dimen35
\cartinner=\dimen36
\normbskip=\skip33
\normpskip=\skip34
\normlskip=\skip35
\lskip=\skip36
\rskip=\skip37
\tabw=\dimen37
 defuns,
\defbodyindent=\skip38
\defargsindent=\skip39
\deflastargmargin=\skip40
\defunpenalty=\count47
\parencount=\count48
\brackcount=\count49
 macros,
\paramno=\count50
\macname=\toks26

cross references,
\auxfile=\write1
\savesfregister=\count51
 insertions,
\footnoteno=\count52
\SAVEfootins=\box22
\SAVEmargin=\box23

(/usr/share/texmf-texlive/tex/generic/epsf/epsf.tex
This is `epsf.tex' v2.7.3 <23 July 2005>
\epsffilein=\read1
\epsfframemargin=\dimen38
\epsfframethickness=\dimen39
\epsfrsize=\dimen40
\epsftmp=\dimen41
\epsftsize=\dimen42
\epsfxsize=\dimen43
\epsfysize=\dimen44
\pspoints=\dimen45
)
\noepsfhelp=\toks27
 localization,
\nolanghelp=\toks28
\countUTFx=\count53
\countUTFy=\count54
\countUTFz=\count55
 formatting,
\defaultparindent=\dimen46
 and turning on texinfo input format.) (./QuAC.aux)
\openout1 = `QuAC.aux'.

@cpindfile=@write2
@fnindfile=@write3
@vrindfile=@write4
@tpindfile=@write5
@kyindfile=@write6
@pgindfile=@write7

[1
\openout2 = `QuAC.cp'.

\openout3 = `QuAC.fn'.

\openout4 = `QuAC.vr'.

\openout5 = `QuAC.tp'.

\openout6 = `QuAC.ky'.

\openout7 = `QuAC.pg'.

{/var/lib/texmf/fonts/map/pdftex/updmap/pdftex.map}] [2] (./QuAC.toc [-1])
[-2] (./QuAC.toc) (./QuAC.toc) Chapter 1
\openout0 = `QuAC.toc'.

 Chapter 2 [1] Chapter 3 [2] Chapter 4
[3] [4] [5] [6]
Underfull \hbox (badness 2903) in paragraph at lines 622--631
@texttt CubSplFitr6r8[]@textrm , and @texttt CubSplFitr6r8r10[]@textrm , where 
@textsl coef[]r6 coef[]r8 coef[]r10 @textrm are the

@hbox(7.60416+2.43333)x433.62, glue set 3.07616
.@texttt C
.@texttt u
.@texttt b
.@texttt S
.@texttt p
.etc.

[7] Chapter 5 [8]
Missing character: There is no Ã in font cmr10!
Missing character: There is no ¶ in font cmr10!
 Chapter 6 [9] Chapter 7 [10] [11] [12] [13] [14] [15]
[16] [17] [18] [19] [20]
Overfull \hbox (1.82083pt too wide) in paragraph at lines 1531--1532
@textrm `@texttt TotalCrossSec[]@textrm '[], `@texttt DifferentialCrossSec[]@te
xtrm '[], `@texttt VibrationalIntensity[]@textrm '[], `@texttt DunhanExpansion[
]@textrm '[],|

@hbox(7.60416+2.43333)x433.62, glue set - 1.0
.@textrm `
.@texttt T
.@texttt o
.@texttt t
.@texttt a
.etc.

[21] [22] [23] Chapter 8 [24] (Keyword Index) [25] (./QuAC.fns)
(Concept Index) [26]
Overfull \vbox (17.65717pt too high) has occurred while \output is active
\vbox(643.2+0.0)x433.62, glue set - 1.0
.\glue(\topskip) 24.00002
.\vbox(11.99998+3.35999)x433.62
..\hbox(11.99998+3.35999)x433.62, glue set 302.86078fil
...\hbox(0.0+0.0)x0.0
...\chaprm K
...\chaprm e
...\chaprm y
...\chaprm w
...etc.
.\penalty 10000
.\glue 12.0 plus 4.0 minus 4.0
.\penalty 10000
.etc.


[27] (./QuAC.cps) [28] ) 
Here is how much of TeX's memory you used:
 2008 strings out of 495585
 25308 string characters out of 1169903
 94931 words of memory out of 3000000
 3219 multiletter control sequences out of 15000+50000
 32127 words of font info for 112 fonts, out of 3000000 for 9000
 886 hyphenation exceptions out of 8191
 12i,7n,17p,1442b,474s stack positions out of 5000i,500n,10000p,200000b,50000s
</usr/share/texmf-texlive/fonts/type1/public/amsfonts/c
m/cmb10.pfb></usr/share/texmf-texlive/fonts/type1/public/amsfonts/cm/cmbx12.pfb
></usr/share/texmf-texlive/fonts/type1/public/amsfonts/cm/cmex10.pfb></usr/shar
e/texmf-texlive/fonts/type1/public/amsfonts/cm/cmmi10.pfb></usr/share/texmf-tex
live/fonts/type1/public/amsfonts/cm/cmmi12.pfb></usr/share/texmf-texlive/fonts/
type1/public/amsfonts/cm/cmmi5.pfb></usr/share/texmf-texlive/fonts/type1/public
/amsfonts/cm/cmmi7.pfb></usr/share/texmf-texlive/fonts/type1/public/amsfonts/cm
/cmmi9.pfb></usr/share/texmf-texlive/fonts/type1/public/amsfonts/cm/cmr10.pfb><
/usr/share/texmf-texlive/fonts/type1/public/amsfonts/cm/cmr5.pfb></usr/share/te
xmf-texlive/fonts/type1/public/amsfonts/cm/cmr7.pfb></usr/share/texmf-texlive/f
onts/type1/public/amsfonts/cm/cmr9.pfb></usr/share/texmf-texlive/fonts/type1/pu
blic/amsfonts/cm/cmsl10.pfb></usr/share/texmf-texlive/fonts/type1/public/amsfon
ts/cm/cmsltt10.pfb></usr/share/texmf-texlive/fonts/type1/public/amsfonts/cm/cms
y10.pfb></usr/share/texmf-texlive/fonts/type1/public/amsfonts/cm/cmsy7.pfb></us
r/share/texmf-texlive/fonts/type1/public/amsfonts/cm/cmti10.pfb></usr/share/tex
mf-texlive/fonts/type1/public/amsfonts/cm/cmtt10.pfb></usr/share/texmf-texlive/
fonts/type1/public/amsfonts/cm/cmtt9.pfb>
Output written on QuAC.pdf (32 pages, 366529 bytes).
PDF statistics:
 655 PDF objects out of 1000 (max. 8388607)
 91 named destinations out of 1000 (max. 500000)
 501 words of extra memory for PDF output out of 10000 (max. 10000000)

